[33mwarn[39m:    --minUptime not set. Defaulting to: 1000ms
[33mwarn[39m:    --spinSleepTime not set. Your script will exit if it does not stay up for at least 1000ms
(node:2094419) Warning: Accessing non-existent property 'padLevels' of module exports inside circular dependency
(Use `node --trace-warnings ...` to show where the warning was created)
(node:2094419) Warning: Accessing non-existent property 'padLevels' of module exports inside circular dependency
mongodb+srv://mo3teznsr:13347628@cluster0.g4ery.mongodb.net/banga?retryWrites=true&w=majority
Example app listening on port 5000
Successfully connected to database
[0mGET /categories [36m304 [0m136.987 ms - -[0m
[0mGET /properties [36m304 [0m248.967 ms - -[0m
[33mwarn[39m:    --minUptime not set. Defaulting to: 1000ms
[33mwarn[39m:    --spinSleepTime not set. Your script will exit if it does not stay up for at least 1000ms
(node:2094498) Warning: Accessing non-existent property 'padLevels' of module exports inside circular dependency
(Use `node --trace-warnings ...` to show where the warning was created)
(node:2094498) Warning: Accessing non-existent property 'padLevels' of module exports inside circular dependency
mongodb+srv://mo3teznsr:13347628@cluster0.g4ery.mongodb.net/banga?retryWrites=true&w=majority
Example app listening on port 5000
Successfully connected to database
[33mwarn[39m:    --minUptime not set. Defaulting to: 1000ms
[33mwarn[39m:    --spinSleepTime not set. Your script will exit if it does not stay up for at least 1000ms
(node:2094523) Warning: Accessing non-existent property 'padLevels' of module exports inside circular dependency
(Use `node --trace-warnings ...` to show where the warning was created)
(node:2094523) Warning: Accessing non-existent property 'padLevels' of module exports inside circular dependency
mongodb+srv://mo3teznsr:13347628@cluster0.g4ery.mongodb.net/banga?retryWrites=true&w=majority
Example app listening on port 5000
Successfully connected to database
[0mGET /categories [36m304 [0m118.738 ms - -[0m
[0mGET /properties [36m304 [0m230.444 ms - -[0m
[0mGET /categories [36m304 [0m103.542 ms - -[0m
[0mGET /properties [36m304 [0m214.411 ms - -[0m
